<?xml version="1.0" encoding="UTF-8"?>
<!-- Generated by org.testng.reporters.JUnitReportReporter -->
<testsuite hostname="LAPTOP-3FE5FPFC" failures="0" tests="1" name="com.evs.Login.TestLogin" time="24.608" errors="0" timestamp="2021-11-10T15:01:33 IST" skipped="0">
  <testcase classname="com.evs.Login.TestLogin" name="testLogin" time="24.608"/>
  <system-out/>
</testsuite> <!-- com.evs.Login.TestLogin -->
