<?xml version="1.0" encoding="UTF-8"?>
<!-- Generated by org.testng.reporters.JUnitReportReporter -->
<testsuite hostname="LAPTOP-3FE5FPFC" failures="0" tests="1" name="com.evs.tastBase.TestBasePage" time="4.391" errors="0" timestamp="2021-11-05T12:36:12 IST" skipped="0">
  <testcase classname="com.evs.tastBase.TestBasePage" name="launchBrowser" time="4.391"/>
  <system-out/>
</testsuite> <!-- com.evs.tastBase.TestBasePage -->
